============================= test session starts ==============================
platform linux -- Python 3.11.6, pytest-8.3.2, pluggy-1.5.0
rootdir: /home/alewandowski/Desktop/gitea/django-fields-testing
collected 29 items

tests/class_field_test.py ........                                       [ 27%]
tests/meta_field_test.py ..                                              [ 34%]
tests/model_field_test.py ...................                            [100%]

============================== 29 passed in 0.21s ==============================
