============================= test session starts ==============================
platform linux -- Python 3.11.6, pytest-8.3.2, pluggy-1.5.0
rootdir: <HIDDEN>
collected 26 items

tests/class_field_test.py ........                                       [ 30%]
tests/meta_field_test.py ..                                              [ 38%]
tests/model_field_test.py ................                               [100%]

============================== 26 passed in 0.20s ==============================
